<?xml version="1.0" encoding="UTF-8"?><testsuites><testsuite name="when getting posts" tests="1" failures="0" time="0.033"><testcase name="testStructure" time="0.032"></testcase></testsuite></testsuites>